<?xml version="1.0" encoding="UTF-8"?>
<testng-results skipped="0" failed="0" ignored="0" total="1" passed="1">
  <reporter-output>
  </reporter-output>
  <suite name="Suite" duration-ms="14292" started-at="2019-10-12T16:54:15 IST" finished-at="2019-10-12T16:54:30 IST">
    <groups>
    </groups>
    <test name="Test" duration-ms="14292" started-at="2019-10-12T16:54:15 IST" finished-at="2019-10-12T16:54:30 IST">
      <class name="testcases.TC001LoginLogout">
        <test-method status="PASS" signature="startApp(java.lang.String)[pri:0, instance:testcases.TC001LoginLogout@2a17b7b6]" name="startApp" is-config="true" duration-ms="8371" started-at="2019-10-12T16:54:15 IST" finished-at="2019-10-12T16:54:24 IST">
          <params>
            <param index="0">
              <value>
                <![CDATA[https://acme-test.uipath.com/account/login]]>
              </value>
            </param>
          </params>
          <reporter-output>
          </reporter-output>
        </test-method> <!-- startApp -->
        <test-method status="PASS" signature="loginTestcase()[pri:0, instance:testcases.TC001LoginLogout@2a17b7b6]" name="loginTestcase" duration-ms="5392" started-at="2019-10-12T16:54:24 IST" finished-at="2019-10-12T16:54:29 IST">
          <reporter-output>
          </reporter-output>
        </test-method> <!-- loginTestcase -->
        <test-method status="PASS" signature="closeApp()[pri:0, instance:testcases.TC001LoginLogout@2a17b7b6]" name="closeApp" is-config="true" duration-ms="479" started-at="2019-10-12T16:54:29 IST" finished-at="2019-10-12T16:54:30 IST">
          <reporter-output>
          </reporter-output>
        </test-method> <!-- closeApp -->
      </class> <!-- testcases.TC001LoginLogout -->
    </test> <!-- Test -->
  </suite> <!-- Suite -->
</testng-results>
